<?xml version="1.0" encoding="UTF-8"?>
<testsuite name="com.gmail.shinch.report.facade.search.SearchFacadeTest" tests="2" skipped="0" failures="0" errors="0" timestamp="2019-07-03T07:34:22" hostname="sinchanghun-ui-MacBook-Pro.local" time="0.548">
  <properties/>
  <testcase name="장소 검색 결과가 있을때 spec" classname="com.gmail.shinch.report.facade.search.SearchFacadeTest" time="0.546"/>
  <testcase name="장소 검색 결과가 옶을때 spec" classname="com.gmail.shinch.report.facade.search.SearchFacadeTest" time="0.002"/>
  <system-out><![CDATA[]]></system-out>
  <system-err><![CDATA[]]></system-err>
</testsuite>
