<?xml version="1.0" encoding="UTF-8"?>
<testsuite name="com.gmail.shinch.report.service.authentication.AuthenticationServiceTest" tests="4" skipped="0" failures="0" errors="0" timestamp="2019-07-03T07:34:24" hostname="sinchanghun-ui-MacBook-Pro.local" time="0.035">
  <properties/>
  <testcase name="비밀번호 암호화 Spec" classname="com.gmail.shinch.report.service.authentication.AuthenticationServiceTest" time="0.015"/>
  <testcase name="인증토큰 생성 Spec" classname="com.gmail.shinch.report.service.authentication.AuthenticationServiceTest" time="0.008"/>
  <testcase name="로그인 유지 사용자 정보 반환 Spec" classname="com.gmail.shinch.report.service.authentication.AuthenticationServiceTest" time="0.011"/>
  <testcase name="로그인 만료 사용자 정보 반환 Spec" classname="com.gmail.shinch.report.service.authentication.AuthenticationServiceTest" time="0.001"/>
  <system-out><![CDATA[16:34:24.311 [Test worker] INFO com.gmail.shinch.report.service.authentication.AuthenticationServiceTest - result : Hq8huiaOh2jcEBRcc4Ps/vzpQhVZj6TPmNpw1PKsr2I=
]]></system-out>
  <system-err><![CDATA[]]></system-err>
</testsuite>
