<?xml version="1.0" encoding="UTF-8"?>
<testsuite name="com.gmail.shinch.report.service.search.SearchServiceTest" tests="1" skipped="0" failures="0" errors="0" timestamp="2019-07-03T07:34:24" hostname="sinchanghun-ui-MacBook-Pro.local" time="0.027">
  <properties/>
  <testcase name="위치 검색 spec" classname="com.gmail.shinch.report.service.search.SearchServiceTest" time="0.027"/>
  <system-out><![CDATA[]]></system-out>
  <system-err><![CDATA[]]></system-err>
</testsuite>
