<?xml version="1.0" encoding="UTF-8"?>
<testsuite name="com.gmail.shinch.report.service.authentication.CookieServiceTest" tests="2" skipped="0" failures="0" errors="0" timestamp="2019-07-03T07:34:24" hostname="sinchanghun-ui-MacBook-Pro.local" time="0.003">
  <properties/>
  <testcase name="로그인 쿠키 등록 spec" classname="com.gmail.shinch.report.service.authentication.CookieServiceTest" time="0.002"/>
  <testcase name="로그인 쿠키 종료 spec" classname="com.gmail.shinch.report.service.authentication.CookieServiceTest" time="0.001"/>
  <system-out><![CDATA[]]></system-out>
  <system-err><![CDATA[]]></system-err>
</testsuite>
