<?xml version="1.0" encoding="UTF-8"?>
<testsuite name="com.gmail.shinch.report.facade.authentication.AuthenticationFacadeTest" tests="2" skipped="0" failures="0" errors="0" timestamp="2019-07-03T07:34:22" hostname="sinchanghun-ui-MacBook-Pro.local" time="0.059">
  <properties/>
  <testcase name="로그인 Facade 성공 spec" classname="com.gmail.shinch.report.facade.authentication.AuthenticationFacadeTest" time="0.056"/>
  <testcase name="로그인 Facade 실패 spec" classname="com.gmail.shinch.report.facade.authentication.AuthenticationFacadeTest" time="0.003"/>
  <system-out><![CDATA[]]></system-out>
  <system-err><![CDATA[]]></system-err>
</testsuite>
