<?xml version="1.0" encoding="UTF-8"?>
<testsuite name="com.gmail.shinch.report.code.system.HttpRequestHeaderCodeTest" tests="1" skipped="0" failures="0" errors="0" timestamp="2019-07-03T07:34:22" hostname="sinchanghun-ui-MacBook-Pro.local" time="0.011">
  <properties/>
  <testcase name="enum 기본 확인 Spec" classname="com.gmail.shinch.report.code.system.HttpRequestHeaderCodeTest" time="0.011"/>
  <system-out><![CDATA[]]></system-out>
  <system-err><![CDATA[]]></system-err>
</testsuite>
